Input: We want our children, and all children in this nation, to know that the only limit to the height of your achievements is the reach of your dreams and your willingness to work for them. 
(184), 
We want our children in this nation to know that the only limit to your achievements is the strength of your dreams and your willingness to work for them. 
(154)

Skip using recursion version.

computing edit distance by DP.
table computation finished.
:::;;;IIIlll!!!iii>>><<<~~~+++___---???]]][[[}}}{{{111)))(((|||///tttfffjjjrrrxxxnnnuuuvvvcczzzXXXYYYUUUJJJCCCLLLQQQ000OOOZZZmmmwwwqqqpppdddbbbkkkhhhaaaooo***###MMMWWW&&&888%%%BBB@@@$$
::::;;;IIIlll!!!iii>>><<<~~~+++___---???]]][[[}}}{{{111)))(((|||///tttfffjjjrrrxxxnnnuuuvvvcczzzXXXYYYUUUJJJCCCLLLQQQ000OOOZZZmmmwwwqqqpppdddbbbkkkhhhaaaooo***###MMMWWW&&&888%%%BBB@@@$
:::::;;;IIIlll!!!iii>>><<<~~~+++___---???]]][[[}}}{{{111)))(((|||///tttfffjjjrrrxxxnnnuuuvvvcczzzXXXYYYUUUJJJCCCLLLQQQ000OOOZZZmmmwwwqqqpppdddbbbkkkhhhaaaooo***###MMMWWW&&&888%%%BBB@@@
;:::::;;;IIIlll!!!iii>>><<<~~~+++___---???]]][[[}}}{{{111)))(((|||///tttfffjjjrrrxxxnnnuuuvvvcczzzXXXYYYUUUJJJCCCLLLQQQ000OOOZZZmmmwwwqqqpppdddbbbkkkhhhaaaooo***###MMMWWW&&&888%%%BBB@@
;;:::::;;;IIIlll!!!iii>>><<<~~~+++___---???]]][[[}}}{{{111)))(((|||///tttfffjjjrrrxxxnnnuuuvvvcczzzXXXYYYUUUJJJCCCLLLQQQ000OOOZZZmmmwwwqqqpppdddbbbkkkhhhaaaooo***###MMMWWW&&&888%%%BBB@
;;;:::::;;;IIIlll!!!iii>>><<<~~~+++___---???]]][[[}}}{{{111)))(((|||///tttfffjjjrrrxxxnnnuuuvvvcczzzXXXYYYUUUJJJCCCLLLQQQ000OOOZZZmmmwwwqqqpppdddbbbkkkhhhaaaooo***###MMMWWW&&&888%%%BBB
I;;;:::::;;;IIIlll!!!iii>>><<<~~~+++___---???]]][[[}}}{{{111)))(((|||///tttfffjjjrrrxxxnnnuuuvvvcczzzXXXYYYUUUJJJCCCLLLQQQ000OOOZZZmmmwwwqqqpppdddbbbkkkhhhaaaooo***###MMMWWW&&&888%%%BB
II;;;:::::;;;IIIlll!!!iii>>><<<~~~+++___---???]]][[[}}}{{{111)))(((|||///tttfffjjjrrrxxxnnnuuuvvvcczzzXXXYYYUUUJJJCCCLLLQQQ000OOOZZZmmmwwwqqqpppdddbbbkkkhhhaaaooo***###MMMWWW&&&888%%%B
III;;;:::::;;;IIIlll!!!iii>>><<<~~~+++___---???]]][[[}}}{{{111)))(((|||///tttfffjjjrrrxxxnnnuuuvvvcczzzXXXYYYUUUJJJCCCLLLQQQ000OOOZZZmmmwwwqqqpppdddbbbkkkhhhaaaooo***###MMMWWW&&&888%%%
lIII;;;:::::;;;IIIlll!!!iii>>><<<~~~+++___---???]]][[[}}}{{{111)))(((|||///tttfffjjjrrrxxxnnnuuuvvvcczzzXXXYYYUUUJJJCCCLLLQQQ000OOOZZZmmmwwwqqqpppdddbbbkkkhhhaaaooo***###MMMWWW&&&888%%
llIII;;;:::::;;;IIIlll!!!iii>>><<<~~~+++___---???]]][[[}}}{{{111)))(((|||///tttfffjjjrrrxxxnnnuuuvvvcczzzXXXYYYUUUJJJCCCLLLQQQ000OOOZZZmmmwwwqqqpppdddbbbkkkhhhaaaooo***###MMMWWW&&&888%
lllIII;;;:::::;;;IIIlll!!!iii>>><<<~~~+++___---???]]][[[}}}{{{111)))(((|||///tttfffjjjrrrxxxnnnuuuvvvcczzzXXXYYYUUUJJJCCCLLLQQQ000OOOZZZmmmwwwqqqpppdddbbbkkkhhhaaaooo***###MMMWWW&&&888
!lllIII;;;:::::;;;IIIlll!!!iii>>><<<~~~+++___---???]]][[[}}}{{{111)))(((|||///tttfffjjjrrrxxxnnnuuuvvvcczzzXXXYYYUUUJJJCCCLLLQQQ000OOOZZZmmmwwwqqqpppdddbbbkkkhhhaaaooo***###MMMWWW&&&88
!!lllIII;;;:::::;;;IIIlll!!!iii>>><<<~~~+++___---???]]][[[}}}{{{111)))(((|||///tttfffjjjrrrxxxnnnuuuvvvcczzzXXXYYYUUUJJJCCCLLLQQQ000OOOZZZmmmwwwqqqpppdddbbbkkkhhhaaaooo***###MMMWWW&&&8
!!!lllIII;;;:::::;;;IIIlll!!!iii>>><<<~~~+++___---???]]][[[}}}{{{111)))(((|||///tttfffjjjrrrxxxnnnuuuvvvcczzzXXXYYYUUUJJJCCCLLLQQQ000OOOZZZmmmwwwqqqpppdddbbbkkkhhhaaaooo***###MMMWWW&&&
i!!!lllIII;;;:::::;;;IIIlll!!!iii>>><<<~~~+++___---???]]][[[}}}{{{111)))(((|||///tttfffjjjrrrxxxnnnuuuvvvcczzzXXXYYYUUUJJJCCCLLLQQQ000OOOZZZmmmwwwqqqpppdddbbbkkkhhhaaaooo***###MMMWWW&&
ii!!!lllIII;;;:::::;;;IIIlll!!!iii>>><<<~~~+++___---???]]][[[}}}{{{111)))(((|||///tttfffjjjrrrxxxnnnuuuvvvcczzzXXXYYYUUUJJJCCCLLLQQQ000OOOZZZmmmwwwqqqpppdddbbbkkkhhhaaaooo***###MMMWWW&
iii!!!lllIII;;;:::::;;;IIIlll!!!iii>>><<<~~~+++___---???]]][[[}}}{{{111)))(((|||///tttfffjjjrrrxxxnnnuuuvvvcczzzXXXYYYUUUJJJCCCLLLQQQ000OOOZZZmmmwwwqqqpppdddbbbkkkhhhaaaooo***###MMMWWW
>iii!!!lllIII;;;:::::;;;IIIlll!!!iii>>><<<~~~+++___---???]]][[[}}}{{{111)))(((|||///tttfffjjjrrrxxxnnnuuuvvvcczzzXXXYYYUUUJJJCCCLLLQQQ000OOOZZZmmmwwwqqqpppdddbbbkkkhhhaaaooo***###MMMWW
>>iii!!!lllIII;;;:::::;;;IIIlll!!!iii>>><<<~~~+++___---???]]][[[}}}{{{111)))(((|||///tttfffjjjrrrxxxnnnuuuvvvcczzzXXXYYYUUUJJJCCCLLLQQQ000OOOZZZmmmwwwqqqpppdddbbbkkkhhhaaaooo***###MMMW
>>>iii!!!lllIII;;;:::::;;;IIIlll!!!iii>>><<<~~~+++___---???]]][[[}}}{{{111)))(((|||///tttfffjjjrrrxxxnnnuuuvvvcczzzXXXYYYUUUJJJCCCLLLQQQ000OOOZZZmmmwwwqqqpppdddbbbkkkhhhaaaooo***###MMM
<>>>iii!!!lllIII;;;::::;;;IIIllll!!!iii>>><<<~~~+++___---???]]][[[}}}{{{111)))(((|||///tttfffjjjrrrxxxnnnuuuvvvcczzzXXXYYYUUUJJJCCCLLLQQQ000OOOZZZmmmwwwqqqpppdddbbbkkkhhhaaaooo***###MM
<<>>>iii!!!lllIII;;;;;;:;;;IIIlll!!!iiii>>><<<~~~+++___---???]]][[[}}}{{{111)))(((|||///tttfffjjjrrrxxxnnnuuuvvvcczzzXXXYYYUUUJJJCCCLLLQQQ000OOOZZZmmmwwwqqqpppdddbbbkkkhhhaaaooo***###M
<<<>>>iii!!!lllIII;;;;;;;;;;IIIlll!!!iiii>>><<<~~~+++___---???]]][[[}}}{{{111)))(((|||///tttfffjjjrrrxxxnnnuuuvvvcczzzXXXYYYUUUJJJCCCLLLQQQ000OOOZZZmmmwwwqqqpppdddbbbkkkhhhaaaooo***###
~<<<>>>iii!!!lllIII;;;;;;;;;IIIlll!!!iiii>>>><<<~~~+++___---???]]][[[}}}{{{111)))(((|||///tttfffjjjrrrxxxnnnuuuvvvcczzzXXXYYYUUUJJJCCCLLLQQQ000OOOZZZmmmwwwqqqpppdddbbbkkkhhhaaaooo***##
~~<<<>>>iii!!!lllIIII;;;;;;;IIIIlll!!!iii>>>>><<<~~~+++___---???]]][[[}}}{{{111)))(((|||///tttfffjjjrrrxxxnnnuuuvvvcczzzXXXYYYUUUJJJCCCLLLQQQ000OOOZZZmmmwwwqqqpppdddbbbkkkhhhaaaooo***#
~~~<<<>>>iii!!!lllIIIIIIIIIIIIIlIlll!!!iii>>>>><<<~~~+++___---???]]][[[}}}{{{111)))(((|||///tttfffjjjrrrxxxnnnuuuvvvcczzzXXXYYYUUUJJJCCCLLLQQQ000OOOZZZmmmwwwqqqpppdddbbbkkkhhhaaaooo***
+~~~<<<>>>iii!!!lllIIIIIIIIIIIIlllll!!!iii>>>>>><<<~~~+++___---???]]][[[}}}{{{111)))(((|||///tttfffjjjrrrxxxnnnuuuvvvcczzzXXXYYYUUUJJJCCCLLLQQQ000OOOZZZmmmwwwqqqpppdddbbbkkkhhhaaaooo**
++~~~<<<>>>iii!!!llllIIIIIIIIIIlllll!!!!iii>>>>>><<<~~~+++___---???]]][[[}}}{{{111)))(((|||///tttfffjjjrrrxxxnnnuuuvvvcczzzXXXYYYUUUJJJCCCLLLQQQ000OOOZZZmmmwwwqqqpppdddbbbkkkhhhaaaooo*
+++~~~<<<>>>iii!!!lllllIlIIllIIlllll!!!!!iii>>>>>><<<~~~+++___---???]]][[[}}}{{{111)))(((|||///tttfffjjjrrrxxxnnnuuuvvvcczzzXXXYYYUUUJJJCCCLLLQQQ000OOOZZZmmmwwwqqqpppdddbbbkkkhhhaaaooo
_+++~~~<<<>>>iii!!!lllllllIlllllll!!!!!!iiii>>>>>>><<<~~~+++___---???]]][[[}}}{{{111)))(((|||///tttfffjjjrrrxxxnnnuuuvvvcczzzXXXYYYUUUJJJCCCLLLQQQ000OOOZZZmmmwwwqqqpppdddbbbkkkhhhaaaoo
__+++~~~<<<>>>iii!!!!lllllllllllll!!!!!!iiiii>>>>>>><<<~~~+++___---???]]][[[}}}{{{111)))(((|||///tttfffjjjrrrxxxnnnuuuvvvcczzzXXXYYYUUUJJJCCCLLLQQQ000OOOZZZmmmwwwqqqpppdddbbbkkkhhhaaao
___+++~~~<<<>>>iii!!!!llllllllllll!!!!!!iiiiii>>>>>>><<<~~~+++___---???]]][[[}}}{{{111)))(((|||///tttfffjjjrrrxxxnnnuuuvvvcczzzXXXYYYUUUJJJCCCLLLQQQ000OOOZZZmmmwwwqqqpppdddbbbkkkhhhaaa
-___+++~~~<<<>>>iii!!!!!!!llll!!ll!!!iiiiiiiii>>>>>>>><<<~~~+++___---???]]][[[}}}{{{111)))(((|||///tttfffjjjrrrxxxnnnuuuvvvcczzzXXXYYYUUUJJJCCCLLLQQQ000OOOZZZmmmwwwqqqpppdddbbbkkkhhhaa
--___+++~~~<<<>>>iiii!!!!!!!!!!!!!!!!!iiiii>>>>>>>>>>>><<<~~~+++___---???]]][[[}}}{{{111)))(((|||///tttfffjjjrrrxxxnnnuuuvvvcczzzXXXYYYUUUJJJCCCLLLQQQ000OOOZZZmmmwwwqqqpppdddbbbkkkhhha
---___+++~~~<<<>>>iiii!!!!!!!!!!!!!!!i!iiiii>>>>>><>>>>><<<~~~+++___---???]]][[[}}}{{{111)))(((|||///tttfffjjjrrrxxxnnnuuuvvvcczzzXXXYYYUUUJJJCCCLLLQQQ000OOOZZZmmmwwwqqqpppdddbbbkkkhhh
?---___+++~~~<<<>>>iiii!!!!!!!!!!!!!!iiiiiiii>>>>>><>>>>><<<~~~+++___---???]]][[[}}}{{{111)))(((|||///tttfffjjjrrrxxxnnnuuuvvvcczzzXXXYYYUUUJJJCCCLLLQQQ000OOOZZZmmmwwwqqqpppdddbbbkkkhh
??---___+++~~~<<<>>>>iiiiiiii!!!iiiiiiiiiiiii>>>>>>><<<>>><<<~~~+++___---???]]][[[}}}{{{111)))(((|||///tttfffjjjrrrxxxnnnuuuvvvcczzzXXXYYYUUUJJJCCCLLLQQQ000OOOZZZmmmwwwqqqpppdddbbbkkkh
???---___+++~~~<<<>>>>iiiiiiiiiiiiiiiiiiiiiii>>>><<<<<<<>>><<<~~~+++___---???]]][[[}}}{{{111)))(((|||///tttfffjjjrrrxxxnnnuuuvvvcczzzXXXYYYUUUJJJCCCLLLQQQ000OOOZZZmmmwwwqqqpppdddbbbkkk
]???---___+++~~~<<<>>>>iiiiiiiiiiiiiiiiiiii>>>>>><<<<<<<<>>><<<~~~+++___---???]]][[[}}}{{{111)))(((|||///tttfffjjjrrrxxxnnnuuuvvvcczzzXXXYYYUUUJJJCCCLLLQQQ000OOOZZZmmmwwwqqqpppdddbbbkk
]]???---___+++~~~<<<<>>>>iii>iiiiii>>iiiii>>>>>>><<<<<<<<<>>><<<~~~+++___---???]]][[[}}}{{{111)))(((|||///tttfffjjjrrrxxxnnnuuuvvvcczzzXXXYYYUUUJJJCCCLLLQQQ000OOOZZZmmmwwwqqqpppdddbbbk
]]]???---___+++~~~<<<<>>>>>>>>>>>>>>>>>>ii>>>>>>><<<<<~~<<<>>><<<~~~+++___---???]]][[[}}}{{{111)))(((|||///tttfffjjjrrrxxxnnnuuuvvvcczzzXXXYYYUUUJJJCCCLLLQQQ000OOOZZZmmmwwwqqqpppdddbbb
[]]]???---___+++~~~<<<<>>>>>>>>>>>>>>>>>>>>>>><<<<<<<~~~~<<<>>><<<~~~+++___---???]]][[[}}}{{{111)))(((|||///tttfffjjjrrrxxxnnnuuuvvvcczzzXXXYYYUUUJJJCCCLLLQQQ000OOOZZZmmmwwwqqqpppdddbb
[[]]]???---___+++~~~~<<<<>>>>>>>>>>>>>>>>>>>><><<<<<~~~~~~<<<>>><<<~~~+++___---???]]][[[}}}{{{111)))(((|||///tttfffjjjrrrxxxnnnuuuvvvcczzzXXXYYYUUUJJJCCCLLLQQQ000OOOZZZmmmwwwqqqpppdddb
[[[]]]???---___+++~~~~<<<<<<<>><<<<<<<>>>>>>><<<<<<<~~~~~~~<<<>>><<<~~~+++___---???]]][[[}}}{{{111)))(((|||///tttfffjjjrrrxxxnnnuuuvvvcczzzXXXYYYUUUJJJCCCLLLQQQ000OOOZZZmmmwwwqqqpppddd
}[[[]]]???---___+++~~~~<<<<<<<<><<<<<<<<<>>>>><<<<<~~~~~~~~~<<<>>><<<~~~+++___---???]]][[[}}}{{{111)))(((|||///tttfffjjjrrrxxxnnnuuuvvvcczzzXXXYYYUUUJJJCCCLLLQQQ000OOOZZZmmmwwwqqqpppdd
}}[[[]]]???---___++++~~~~<<<<<<<<<<<<<<<<<>>>><<<<~~~~~~~~~~~<<<>>><<<~~~+++___---???]]][[[}}}{{{111)))(((|||///tttfffjjjrrrxxxnnnuuuvvvcczzzXXXYYYUUUJJJCCCLLLQQQ000OOOZZZmmmwwwqqqpppd
}}}[[[]]]???---___++++~~~~<<~<<<<<<~~~<<<<<>>><<<<<~~~~~+++~~~<<<>>><<<~~~+++___---???]]][[[}}}{{{111)))(((|||///tttfffjjjrrrxxxnnnuuuvvvcczzzXXXYYYUUUJJJCCCLLLQQQ000OOOZZZmmmwwwqqqppp
{}}}[[[]]]???---___++++~~~~~~~~<<<<~~~~~~<<<<<><<<<~~~~+++++~~~<<<>>><<<~~~+++___---???]]][[[}}}{{{111)))(((|||///tttfffjjjrrrxxxnnnuuuvvvcczzzXXXYYYUUUJJJCCCLLLQQQ000OOOZZZmmmwwwqqqpp
{{}}}[[[]]]???---____++++~~~~~~~~~~~~~~~~~<<<<<<<<<~~~+~+++++~~~<<<>>><<<~~~+++___---???]]][[[}}}{{{111)))(((|||///tttfffjjjrrrxxxnnnuuuvvvcczzzXXXYYYUUUJJJCCCLLLQQQ000OOOZZZmmmwwwqqqp
{{{}}}[[[]]]???---____++++~~~~~~~~~~~~~~~~~<<<<<<<<~~~++++++++~~~<<<>>><<<~~~+++___---???]]][[[}}}{{{111)))(((|||///tttfffjjjrrrxxxnnnuuuvvvcczzzXXXYYYUUUJJJCCCLLLQQQ000OOOZZZmmmwwwqqq
1{{{}}}[[[]]]???---____++++++++~~~~~~~+++~~~~~<<<<~~~~+++++_+++~~~<<<>>><<<~~~+++___---???]]][[[}}}{{{111)))(((|||///tttfffjjjrrrxxxnnnuuuvvvcczzzXXXYYYUUUJJJCCCLLLQQQ000OOOZZZmmmwwwqq
11{{{}}}[[[]]]???----____+++++++++++~~~+++~~~~~~~~~~~~~++++__+++~~~<<<>>><<<~~~+++___---???]]][[[}}}{{{111)))(((|||///tttfffjjjrrrxxxnnnuuuvvvcczzzXXXYYYUUUJJJCCCLLLQQQ000OOOZZZmmmwwwq
111{{{}}}[[[]]]???----____+++++++++++++++++~~~~~~~~~~~+++++___+++~~~<<<>>><<<~~~+++___---???]]][[[}}}{{{111)))(((|||///tttfffjjjrrrxxxnnnuuuvvvcczzzXXXYYYUUUJJJCCCLLLQQQ000OOOZZZmmmwww
)111{{{}}}[[[]]]???----______+++++++++++++++++~~~~~~~~~+++++___+++~~~<<<>>><<<~~~+++___---???]]][[[}}}{{{111)))(((|||///tttfffjjjrrrxxxnnnuuuvvvcczzzXXXYYYUUUJJJCCCLLLQQQ000OOOZZZmmmww
))111{{{}}}[[[]]]????----________+__+++++++++++~~++~~~~++++_____+++~~~<<<>>><<<~~~+++___---???]]][[[}}}{{{111)))(((|||///tttfffjjjrrrxxxnnnuuuvvvcczzzXXXYYYUUUJJJCCCLLLQQQ000OOOZZZmmmw
)))111{{{}}}[[[]]]????----___________+++++++++++++++~~~+++_______+++~~~<<<>>><<<~~~+++___---???]]][[[}}}{{{111)))(((|||///tttfffjjjrrrxxxnnnuuuvvvcczzzXXXYYYUUUJJJCCCLLLQQQ000OOOZZZmmm
()))111{{{}}}[[[]]]????----___________+__+____++++++++~++++_______+++~~~<<<>>><<<~~~+++___---???]]][[[}}}{{{111)))(((|||///tttfffjjjrrrxxxnnnuuuvvvcczzzXXXYYYUUUJJJCCCLLLQQQ000OOOZZZmm
(()))111{{{}}}[[[]]]]????---___--______________++++++++++++________+++~~~<<<>>><<<~~~+++___---???]]][[[}}}{{{111)))(((|||///tttfffjjjrrrxxxnnnuuuvvvcczzzXXXYYYUUUJJJCCCLLLQQQ000OOOZZZm
((()))111{{{}}}[[[]]]]????-----------_____________+_++++++____---___+++~~~<<<>>><<<~~~+++___---???]]][[[}}}{{{111)))(((|||///tttfffjjjrrrxxxnnnuuuvvvcczzzXXXYYYUUUJJJCCCLLLQQQ000OOOZZZ
|((()))111{{{}}}[[[]]]]????-----------________________++++____----___+++~~~<<<>>><<<~~~+++___---???]]][[[}}}{{{111)))(((|||///tttfffjjjrrrxxxnnnuuuvvvcczzzXXXYYYUUUJJJCCCLLLQQQ000OOOZZ
||((()))111{{{}}}[[[[]]]]???-----------___--_--_______________-----___+++~~~<<<>>><<<~~~+++___---???]]][[[}}}{{{111)))(((|||///tttfffjjjrrrxxxnnnuuuvvvcczzzXXXYYYUUUJJJCCCLLLQQQ000OOOZ
|||((()))111{{{}}}[[[[]]]]??????--???-----_------____________-------___+++~~~<<<>>><<<~~~+++___---???]]][[[}}}{{{111)))(((|||///tttfffjjjrrrxxxnnnuuuvvvcczzzXXXYYYUUUJJJCCCLLLQQQ000OOO
/|||((()))111{{{}}}[[[[]]]]???????????----------------_______--------___+++~~~<<<>>><<<~~~+++___---???]]][[[}}}{{{111)))(((|||///tttfffjjjrrrxxxnnnuuuvvvcczzzXXXYYYUUUJJJCCCLLLQQQ000OO
//|||((()))111{{{}}}}[[[[]]]???????????----------------____-----------___+++~~~<<<>>><<<~~~+++___---???]]][[[}}}{{{111)))(((|||///tttfffjjjrrrxxxnnnuuuvvvcczzzXXXYYYUUUJJJCCCLLLQQQ000O
///|||((()))111{{{}}}}[[[[]]]????????????---------------_---------??---___+++~~~<<<>>><<<~~~+++___---???]]][[[}}}{{{111)))(((|||///tttfffjjjrrrxxxnnnuuuvvvcczzzXXXYYYUUUJJJCCCLLLQQQ000
t///|||((()))111{{{}}}}[[[[]]]]]]]]]]]????---?-????--?---_--------???---___+++~~~<<<>>><<<~~~+++___---???]]][[[}}}{{{111)))(((|||///tttfffjjjrrrxxxnnnuuuvvvcczzzXXXYYYUUUJJJCCCLLLQQQ00
tt///|||((()))111{{{{}}}}[[[]]]]]]]]]]]????????????????---------??????---___+++~~~<<<>><<<~~~+++___----???]]][[[}}}{{{111)))(((|||///tttfffjjjrrrxxxnnnuuuvvvcczzzXXXYYYUUUJJJCCCLLLQQQ0
ttt///|||((()))111{{{{}}}}[[[]]]]]]]]]]]]???????????????------?????????---___+++~~~<<<<<<<~~~+++____----???]]][[[}}}{{{111)))(((|||///tttfffjjjrrrxxxnnnuuuvvvcczzzXXXYYYUUUJJJCCCLLLQQQ
fttt///|||((()))111{{{{}}}}[[[[[[[[[[[]]]]????????]??????-----??????????---___+++~~~<<<<<<~~~+++____-----???]]][[[}}}{{{111)))(((|||///tttfffjjjrrrxxxnnnuuuvvvcczzzXXXYYYUUUJJJCCCLLLQQ
ffttt///|||((()))1111{{{{}}}[[[[[[[[[[[]]]]]]]]]]]]]]]]????????????]]]???---___+++~~~<<<<<~~~+++____------???]]][[[}}}{{{111)))(((|||///tttfffjjjrrrxxxnnnuuuvvvcczzzXXXYYYUUUJJJCCCLLLQ
fffttt///|||((()))1111{{{{}}}[[[[[[[[[[[[]]]]]]]]]]]]]]]?????????]]?]]]???---___+++~~~~~~<~~~++++___-------???]]][[[}}}{{{111)))(((|||///tttfffjjjrrrxxxnnnuuuvvvcczzzXXXYYYUUUJJJCCCLLL
jfffttt///|||((()))1111{{{{}}}}}}}}[[[[[[[]]]]]]]]]]]]]]]?????????]]]]]]???---___+++~~~~~~~~~+++____--------???]]][[[}}}{{{111)))(((|||///tttfffjjjrrrxxxnnnuuuvvvcczzzXXXYYYUUUJJJCCCLL
jjfffttt///|||((())))1111{{{}}}}}}}}}}}[[[[[[[]]]][[[[]]]]]]]]???]]]]]]]]???---___+++~~~~~~~~+++____---?-----???]]][[[}}}{{{111)))(((|||///tttfffjjjrrrxxxnnnuuuvvvcczzzXXXYYYUUUJJJCCCL
jjjfffttt///|||((())))1111{{{}}}}}}}}}}}}[[[[[[[[[[[[[[[]]]]]]]]?]]]]]]]]]???---___++++~+~~~~++++___---??-----???]]][[[}}}{{{111)))(((|||///tttfffjjjrrrxxxnnnuuuvvvcczzzXXXYYYUUUJJJCCC
rjjjfffttt///|||((())))1111{{{}}}}}}}}}}}}[[[[[[[[[[[[[[[]]]]]]]]]]]]]][]]]???---___++++++~~~++++___---???-----???]]][[[}}}{{{111)))(((|||///tttfffjjjrrrxxxnnnuuuvvvcczzzXXXYYYUUUJJJCC
rrjjjfffttt///|||(((())))111{{{}}}}{}{{}}}}[[[[[[[[[[}[[[[[[[[]]]]]][[][[]]]???---___++++++~+++++___---????-----???]]][[[}}}{{{111)))(((|||///tttfffjjjrrrxxxnnnuuuvvvcczzzXXXYYYUUUJJJC
rrrjjjfffttt///|||(((())))111{{{}}}{{{{{{}}}[[[}}}[[[}}}[[[[[[[[]]]][[[[[[]]]???---____+++++++++____---?????-----???]]][[[}}}{{{111)))(((|||///tttfffjjjrrrxxxnnnuuuvvvcczzzXXXYYYUUUJJJ
xrrrjjjfffttt///|||(((())))111{{{{{{{{{{{{}}}}}}}}}}}}}}}[[[[[[[[[[[[[[[[[[]]]???---____++++++++____---??????-----???]]][[[}}}{{{111)))(((|||///tttfffjjjrrrxxxnnnuuuvvvcczzzXXXYYYUUUJJ
xxrrrjjjfffttt///||||(((()))111{{{{{{{{{{{{}}}}}}}}}}}}}}}}}}}[[[[[[[[[[[[[[]]]???---______++++_____---???]???-----???]]][[[}}}{{{111)))(((|||///tttfffjjjrrrxxxnnnuuuvvvcczzzXXXYYYUUUJ
xxxrrrjjjfffttt///||||(((()))111{{{{{{{11{{{}}}}}}}}}}}}}}}}}}}}[[[[[[[[}}[[[]]]???----____________----???]]???-----???]]][[[}}}{{{111)))(((|||///tttfffjjjrrrxxxnnnuuuvvvcczzzXXXYYYUUU
nxxxrrrjjjfffttt///||||(((()))111111{{{111{{{{{}{{{{}{{{{}}}}}}}}}}}}}[[}}}[[[]]]???----___________----???]]]???-----???]]][[[}}}{{{111)))(((|||///tttfffjjjrrrxxxnnnuuuvvvcczzzXXXYYYUU
nnxxxrrrjjjfffttt////||||((()))111111{{1111{{{{{{{{{{{{{{{{}}{}}}}}}}}}}}}}}[[[]]]???------_______-----???]]]]???-----???]]][[[}}}{{{111)))(((|||///tttfffjjjrrrxxxnnnuuuvvvcczzzXXXYYYU
nnnxxxrrrjjjfffttt////||||((()))111111111111{{{{{{{{{{{{{{{{{{{}}}}}}}}}}}}}}[[[]]]???---------__-----????]]]]]???-----???]]][[[}}}{{{111)))(((|||///tttfffjjjrrrxxxnnnuuuvvvcczzzXXXYYY
unnnxxxrrrjjjfffttt////||||((())))))111111111{{{{{{{{{{{{{{{{{{{{{}}}}}}}}}}}}[[[]]]????--------_-----?????]]]]]???-----???]]][[[}}}{{{111)))(((|||///tttfffjjjrrrxxxnnnuuuvvvcczzzXXXYY
uunnnxxxrrrjjjffftttt////|||((())))))111111111{{11{111{{1{{{{{{{{{{}}{{}}{{{}}}[[[]]]????-------------?????]]]]]]???-----???]]][[[}}}{{{111)))(((|||///tttfffjjjrrrxxxnnnuuuvvvcczzzXXXY
uuunnnxxxrrrjjjffftttt////|||((())))))1111))111111111111111111{{{{{{{{{{{{{{{}}}[[[]]]??????--?-------?????]]]]]]]???-----???]]][[[}}}{{{111)))(((|||///tttfffjjjrrrxxxnnnuuuvvvcczzzXXX
vuuunnnxxxrrrjjjffftttt////|||(((((()))1111))111111111111111111111{{{{{{{{{{{{}}}[[[]]]]????????-----?????]]]]][]]]???-----???]]][[[}}}{{{111)))(((|||///tttfffjjjrrrxxxnnnuuuvvvcczzzXX
vvuuunnnxxxrrrjjjfffftttt///|||(((((())))111))111111111111111111111{{{{{{{{{{{{}}}[[[]]]]??????????--?????]]]][[[]]]???-----???]]][[[}}}{{{111)))(((|||///tttfffjjjrrrxxxnnnuuuvvvcczzzX
vvvuuunnnxxxrrrjjjfffftttt///|||(((((())))111))))11))))11111))111111{{{111111{{{}}}[[[]]]]?]?????????????]]]]][[[[]]]???-----???]]][[[}}}{{{111)))(((|||///tttfffjjjrrrxxxnnnuuuvvvcczzz
cvvvuuunnnxxxrrrjjjfffftttt///||||||((())))11))))))))))))))))))111111{{{111111{{{}}}[[[]]]]?]]??????????]]]]]]][[[[]]]???-----???]]][[[}}}{{{111)))(((|||///tttfffjjjrrrxxxnnnuuuvvvcczz
ccvvvuuunnnxxxrrrjjjjffffttt///||||||(((()))))))))))))))))))))))111111{{{111111{{{}}}[[[]]]]]]]]?]]??????]]]]]][[[[[]]]???-----???]]][[[}}}{{{111)))(((|||///tttfffjjjrrrxxxnnnuuuvvvccz
zccvvvuuunnnxxxrrrjjjjffffttt///||||||(((())))))))))))))))))))))))))111{{1111111{{{}}}[[[]]]]]]]]]]]]]]]]]]][[[[[[[[[]]]???----???]]][[[}}}{{{1111)))(((|||///tttfffjjjrrrxxxnnnuuuvvvcc
zzccvvvuuunnnxxxrrrjjjjffffttt//////|||(((()))))))((((()()))((())))))1111111))111{{{}}}[[[[]]]]]]]]]]]]]]]]][[[[[[}[[[]]]???---???]]][[[}}}{{{1111)))(((|||///tttfffjjjjrrrxxxnnnuuuvvvc
zzzccvvvuuunnnxxxrrrrjjjjfffttt//////||||(((()))(((((((((((((((())))))111111)))111{{{}}}[[[[[[[]]]]]]]]]]]]][[[[[[}}[[[]]]???-????]]][[[}}}}{{{111)))(((||||///tttfffjjjrrrxxxxnnnuuuvvv
Xzzzccvvvuuunnnxxxrrrrjjjjfffttt//////||||(((((((((((((((((((((((()))))11111))))111{{{}}}[[[[[[[[[[[[[[]][[[[[[[}[}}}[[[]]]???-???]]][[[}}}}{{{{111)))(((|||///tttffffjjjrrrxxxnnnuuuuvv
XXzzzccvvvuuunnnxxxrrrrjjjjfffttttt////||||(((((((((((|(((((((((((((())))1)))))))111{{{}}}}[[[[[[[[[[[[[[[[[[[[[}}[}}}[[[]]]??????]]][[[}}}}{{{{1111)))(((|||///tttfffjjjrrrxxxnnnuuuvvv
XXXzzzccvvvuuunnnxxxxrrrrjjjfffttttt////|||||((((((|((|||||((|||(((((())))))))))))111{{{}}}}}[}[[[[[[[[[[[[[[[[[}}}}}}}[[[]]]?????]]][[[}}}{{{{{111))))(((|||///ttttfffjjjrrrxxxnnnuuuvv
YXXXzzzccvvvuuunnnxxxxrrrrjjjfffttttt/////|||||((((|||||||||||||||((((())))))))()))111{{{}}}}}}}}}}}}}}[[[[[}}}}}}}}}}}}[[[]]]????]]][[[}}}{{{{1111))))(((|||///ttttffffjjjrrrxxxnnnuuuv
YYXXXzzzccvvvuuunnnxxxxrrrrjjjffffftttt////||||||((|||||||||||||||||((((())))(((()))111{{{}}}}}}}}}}}}}}}}}[}}}}}}}}}}}}}[[[]]]]]?]]][[[}}}{{{{1111))))(((|||///ttttfffjjjjrrrxxxnnnnuuu
YYYXXXzzzccvvvuuunnnnxxxxrrrjjjffffftttt/////||||||||||||||||||||||||((((((()((((()))111{{{{{}}}}}}}}}}}}}}}}}}}}}}}}}}}}}[[[]]]]]?]]][[[}}}{{{1111))))((((|||///tttffffjjjjrrrxxxnnnuuu
UYYYXXXzzzccvvvuuunnnnxxxxrrrjjjffffftttt/////|||||||||||||/|/|||||||||(((((((((((()))111{{{{{}}}}}}}}{}}}}}}}}{{{{{{}}{}}}[[[]]]]]?]]][[[}}}{{{111)))))(((|||///tttfffffjjjjrrrxxxnnnuu
UUYYYXXXzzzccvvvuuunnnnxxxxrrrjjjjjfffttttt//////|||||/////////////|||||((((((((|((()))111{{{{{{{}}}{{{{}}}}}}}{{{{{{{{{{}}}[[[[[]]]?]]][[[}}}{{{111)))((((|||///tttfffjjjjjjrrrrxxxnnnu
UUUYYYXXXzzzccvvvuuuunnnnxxxrrrjjjjjffffttttt//////||||//////////////|||||||((((||((()))11111{{{{{}}}{{{{{{{{{{{{{{{{{{{{{}}}[[[[[]]]?]]][[[}}}{{{111)))((((|||///tttfffjjjjrrrrrxxxxnnn
JUUUYYYXXXzzzccvvvuuuunnnnxxxrrrjjjjjffffttttt/////////////////////////||||||||||||((()))11111{{{{{}}}{{{{{{{{{{{{111{{{{{{}}}[[[[[]]]?]]][[[}}}{{{111)))(((|||///tttfffjjjjrrrrrxxxxnnn
JJUUUYYYXXXzzzccvvvuuuunnnnxxxrrrrrjjjffffftttttt////////////t///tt/////||||||||||||((()))111111{{{{}}}{{{{{{{{{{{111111{{{{}}}}}[[[]]]?]]][[[}}}{{{111)))(((|||///tttfffjjjjrrrrrxxxnnn
JJJUUUYYYXXXzzzccvvvvuuuunnnxxxrrrrrjjjjffffftttttt////////tttttttttt//////||||||||||((()))))1111{{{{}}}{{{111111111111111{{{}}}}}[[[]]]?]]][[[}}}{{{111)))(((|||///tttfffjjjrrrrrxxxnnn
CJJJUUUYYYXXXzzzccvvvvuuuunnnxxxrrrrrjjjjffffftttttttttt///tttttttttttt////////////|||((()))))11111{{{}}}{{{111111111111111{{{}}}}}[[[]]]?]]][[[}}}{{{111)))(((|||///tttfffjjjrrrrxxxnnn
CCJJJUUUYYYXXXzzzccvvvvuuuunnnxxxxxrrrjjjjjfffffftttttttt/tttttttttttttt////////////|||((())))))1111{{{}}}{{{111111111))1111{{{{{}}}[[[]]]?]]][[[}}}{{{111)))(((|||///tttfffjjjrrrrxxxnn
CCCJJJUUUYYYXXXzzzcccvvvuuuunnnxxxxxrrrrjjjjjfffffftttttttttttttffftttttttt//////////|||((((())))1111{{{}}{{{111))))))))))111{{{{{}}}[[[]]]?]]][[[}}}{{{111)))(((|||///tttfffjjjrrrxxxnn
LCCCJJJUUUYYYXXXzzzcccvvvvuuunnnxxxxxrrrrjjjjjffffffffttttttttfffffffffttttt///ttt////|||((((()))))111{{{{{{{111)))))))))))111{{{{{}}}[[[]]]?]]][[[}}}{{{111)))(((|||///tttfffjjjrrrxxxn
LLCCCJJJUUUYYYXXXzzzzccvvvvuuunnnnxxxxrrrrrjjjjjjffffffffttttffffffffffftttttttttttt///|||(((((())))111{{{{{{{111)))))))))))11111{{{}}}[[[]]]?]]][[[}}}{{{111)))(((|||///tttfffjjjrrrxxx
LLLCCCJJJUUUYYYXXXzzzzccvvvvuuunnnnxxxxxrrrrrjjjjjjfffffffffffffffffffffffftttttttttt///|||(((((())))111{{{{{1111)))(((((()))11111{{{}}}[[[]]]?]]][[[}}}{{{111)))(((|||///tttfffjjjrrrxx
QLLLCCCJJJUUUYYYXXXzzzzcccvvvuuunnnnxxxxxrrrrrjjjjjjjjfffffffffffffjjjfffffftttttttttt///|||||((((()))111{{1111111)))(((((()))11111{{{}}}[[[]]]?]]][[[}}}{{{111)))(((|||///tttfffjjjrrrx
QQLLLCCCJJJUUUYYYXXXXzzzcccvvvuuuunnnnxxxxxrrrrrjjjjjjjjjfffffffjjjjjjjjfffffffttfffttt///||||||(((()))11111111111))))(((((()))11111{{{}}}[[[]]]?]]][[[}}}{{{111)))(((|||///tttfffjjjrrr
QQQLLLCCCJJJUUUYYYXXXXzzzcccvvvuuuunnnnnxxxxxrrrrrrjjjjjjjjjjjfjjjjjjjjjjjjffffffffffttt///||||||(((()))11111111)))))))(((((()))))111{{{}}}[[[]]]?]]][[[}}}{{{111)))(((|||///tttfffjjjrr
0QQQLLLCCCJJJUUUYYYXXXXzzzcccvvvuuuunnnnnxxxxxrrrrrrrrjjjjjjjjjjjjjjjjjjjjjjffffffffffttt/////|||||((()))11111)))))))))(((|((()))))111{{{}}}[[[]]]?]]][[[}}}{{{111)))(((|||///tttfffjjjr
00QQQLLLCCCJJJUUUYYYYXXXzzzzccvvvvuuunnnnnnxxxxrrrrrrrrrrjjjjjjjjjjjjjrjjjjjjjjffffffffttt//////||||((())))))))))))))(((((||((()))))111{{{}}}[[[]]]?]]][[[}}}{{{111)))(((|||///tttfffjjj
000QQQLLLCCCJJJUUUYYYYXXXzzzzccvvvvuuuuunnnnnxxxxxxrrrrrrrrjjrjjjjjjrrrrrjjjjjjjjjjjjfffttt//////||||((())))))))))))((((((|||((((()))111{{{}}}[[[]]]?]]][[[}}}{{{111)))(((|||///tttfffjj
O000QQQLLLCCCJJJUUUYYYYXXXzzzzccvvvvuuuuunnnnnxxxxxxrrrrrrrrrrrrrrrjrrrrrrrrjjjjjjjjjjfffttttt/////|||((())))))))(((((((((||||((((()))111{{{}}}[[[]]]?]]][[[}}}{{{111)))(((|||///tttfffj
OO000QQQLLLCCCJJJUUUUYYYXXXXzzzcccvvvuuuuuunnnnxxxxxxxrrxrrrrrrrrrrrrrrrrrrrrrrjjjjjjjjffftttttt////|||(((((((((((((((((((|||||((((()))111{{{}}}[[[]]]?]]][[[}}}{{{111)))(((|||///tttfff
OOO000QQQLLLCCCJJJUUUUYYYXXXXzzzcccvvvuuuuuuunnnnnnxxxxxrxxrrrrrrrrrrrrrrrrrrrrrrrjjjjjjffftttttt////|||((((((((((((((((||||||||||((()))111{{{}}}[[[]]]?]]][[[}}}{{{111)))(((|||///tttff
ZOOO000QQQLLLCCCJJJUUUUYYYXXXXzzzzccvvvvvuuuuunnnnnnxxxxxxxxrrxxxxxrrrrxrrxrrrrrrrrrjjjjjfffffttttt///|||(((((((((((|||||||||/|||||((()))111{{{}}}[[[]]]?]]][[[}}}{{{111)))(((|||///tttf
ZZOOO000QQQLLLCCCJJJJUUUYYYYXXXzzzzccvvvvvvuuuunnnnnnnxxxxxxxxxxxxxxxxxxxxxxxxxrrrrrrrrjjjfffffftttt///|||||||||||||||||||||||/|||||((()))111{{{}}}[[[]]]?]]][[[}}}{{{111)))(((|||///ttt
ZZZOOO000QQQLLLCCCJJJJUUUYYYYXXXzzzzccvvvvvvvuuuuuunnnnnxxxxxxxxxxxxxxxxxxxxxxxxxxrrrrrrjjjfffffftttt///|||||||||||||||||||/|/////|||((()))111{{{}}}[[[]]]?]]][[[}}}{{{111)))(((|||///tt
mZZZOOO000QQQLLLCCCJJJJUUUYYYYXXXXzzzccccvvvvvuuuuuunnnnnxxnxxxxxnnxxxxxxxxxxxxxxxxxrrrrrjjjjjfffffttt///|||||||||||||||||/////////|||((()))111{{{}}}[[[]]]?]]][[[}}}{{{111)))(((|||///t
mmZZZOOO000QQQLLLCCCCJJJUUUUYYYXXXXzzzcccccvvvvuuuuuuunnnnnnnxxxxnnnnnnxxxnnxxxxxxxxxrrrrrjjjjjjffffttt/////|////////|||////////////|||((()))111{{{}}}[[[]]]?]]][[[}}}{{{111)))(((|||///
mmmZZZOOO000QQQLLLCCCCJJJUUUUYYYXXXXzzzcccccvvvvvvuuuuuunnnnnnnnnnnnnnnnnnxnnxxxxxxxxxxxrrrjjjjjjffffttt//////////////||////////tt///|||((()))111{{{}}}[[[]]]?]]][[[}}}{{{111)))(((|||//
wmmmZZZOOO000QQQLLLCCCCJJJUUUUYYYXXXXzzzzzzcccvvvvvvuuuuunnnnnnnnnnnnnnnnnnnnnnnnnnnxxxxxrrrjjjjjjjfffttt////////////////////tttttt///|||((()))111{{{}}}[[[]]]?]]][[[}}}{{{111)))(((|||/
wwmmmZZZOOO000QQQLLLLCCCJJJUUUUYYYYXXXzzzzzzcccvvvvvvvuuuuuuunnnnnnnuuunnnnnnnnnnnnnnxxxxxrrrrrrjjjjfffttttt////ttttt//////ttttttttt///|||((()))111{{{}}}[[[]]]?]]][[[}}}{{{111)))(((|||
wwwmmmZZZOOO000QQQLLLLCCCJJJUUUUYYYYXXXzzzzzzzccccvvvvvvuuuuuuuuuuuuuuuuunnnnnnnnnnnnnnnxxxrrrrrrjjjjffftttttttttttttt/////tttttttttt///|||((()))111{{{}}}[[[]]]?]]][[[}}}{{{111)))(((||
qwwwmmmZZZOOO000QQQLLLLCCCJJJJUUUYYYYXXXzzXzzzzcccccvvvvvuuuuuuuuuuuuuuuuuuuuunnnnnunnnnnxxxrrrrrrrjjjffftttttttttttttttttttttttfffttt///|||((()))111{{{}}}[[[]]]?]]][[[}}}{{{111)))(((|
qqwwwmmmZZZOOO000QQQQLLLCCCJJJJUUUUYYYXXXXXXzzzzzzccccvvvvvuuuuuuuuuuuuuuuuuuuuuuuuuunnnnnxxxrrxrrrrjjjfffffttttttttttttttttttffffffttt///|||((()))111{{{}}}[[[]]]?]]][[[}}}{{{111)))(((
qqqwwwmmmZZZOOO000QQQQLLLCCCJJJJUUUUYYYXXXXXXXzzzzzzccccvvvvvvvvvvvvvvuvvuuuuuuuuuuuuuuunnnxxxxxxrrrrjjjffffftftftttfftttttttttffffffttt///|||((()))111{{{}}}[[[]]]?]]][[[}}}{{{111)))((
pqqqwwwmmmZZZOOO000QQQQLLLCCCCJJJUUUUYYYXXXXXXXzzzzzzzcccvvvvvvvvvvvvvvvvvvvvvuuuuuuuuuuunnnxxxxxxxrrrjjjffffffffffftfftfffttfffffffffttt///|||((()))111{{{}}}[[[]]]?]]][[[}}}{{{111)))(
ppqqqwwwmmmZZZOOO0000QQQLLLCCCCJJJJUUUYYYYYYXXXXXXzzzzzzcccvvvvvvvvvvvvvvvvvvvvvvvvvvuuuuunnnxxxxxxxrrrjjjjjffffffffffffffffffffffjjfffttt///|||((()))111{{{}}}[[[]]]?]]][[[}}}{{{111)))
pppqqqwwwmmmZZZOOO0000QQQLLLCCCCJJJJUUUYYYYYYXXXXXXXzzzzzcccccvccccvccvvvvvvvvvvvvvvvvvvuuunnnnnxxxxxrrrjjjjjffffffffffffffffffffffjjfffttt///|||((()))111{{{}}}[[[]]]?]]][[[}}}{{{111))
dpppqqqwwwmmmZZZOOO0000QQQLLLCCCCJJJJUUUYYYYYYXXXXXXXXzzzzzccccvccccvccvvcccvvvvvvvvvvvvvuuunnnnnnnxxxrrrjjjjjjjjjjfffffffffffffjjjjjjfffttt///|||((()))111{{{}}}[[[]]]?]]][[[}}}{{{111)
ddpppqqqwwwmmmZZZOOOO000QQQLLLLCCCCJJJUUUYYYYYYYYXXXXXXzzzzzczccccccccccvccccccccvvvvvvvvvuuunnnnnnnxxxrrrrrjjjjjjjjjffffffffffjjjjjjjjfffttt///|||((()))111{{{}}}[[[]]]?]]][[[}}}{{{111
dddpppqqqwwwmmmZZZOOOO000QQQLLLLCCCCJJJUUUYYYYYYYYYXXXXXzzzzzzzccczcccccccczccccccvvvvvvvvvuuuunnnnnnxxxrrrrrjjjjjjjjjjjfffffjjjjjjjjjjjfffttt///|||((()))111{{{}}}[[[]]]?]]][[[}}}{{{11
bdddpppqqqwwwmmmZZZOOOO000QQQLLLLCCCCJJJUUUUUUYYYYYYYYXXXzzzzzzzzzzzzzzzccczzzzzzcccvvvvcvvvuuuunnnnnnxxxrrrrrrrrrrjjjjjjjjjjjjjjjjjjjjjjfffttt///|||((()))111{{{}}}[[[]]]?]]][[[}}}{{{1
bbdddpppqqqwwwmmmZZZZOOO000QQQQLLLLCCCJJJUUUUUUUUYYYYYYXXXXXzzzzzzzzzzzzzzzzzzzzzzcccvvvccvvvuuuunuunnnxxxxxrrrrrrrrrjjjjjjjjjjjjjrjrrrjjjfffttt///|||((()))111{{{}}}[[[]]]?]]][[[}}}{{{
bbbdddpppqqqwwwmmmZZZZOOO000QQQQLLLLCCCJJJUUUUUUUUUYYYYYXXXXXzzzzzzzzzzzzzzzzzzzzzzzcccccccvvvvuuuuuunnnxxxxxrrrrrrrrrrrjjjjjjjjrrrrrrrrjjjfffttt///|||((()))111{{{}}}[[[]]]?]]][[[}}}{{
kbbbdddpppqqqwwwmmmZZZZOOO000QQQQLLLLCCCJJJJJJUUUUUUUUYYYXXXXXXXXXXXXXXXzzzzzzXXXzzzzcccccccvvvvuuuuuunnnxxxxxxxxxxrrrrrrrrrrjjrrrrrrrrrrjjjfffttt///|||((()))111{{{}}}[[[]]]?]]][[[}}}{
kkbbbdddpppqqqwwwmmmmZZZOOO0000QQQQLLLCCCJJJJJJJJUUUUUUYYYXXXXXXXXXXXXXXXXXXzXXXXXzzzzzzzczccvvvvuuuuuunnnnnxxxxxxxxxrrrrrrrrrrrrrrrrrrrrrjjjfffttt///|||((()))111{{{}}}[[[]]]?]]][[[}}}
kkkbbbdddpppqqqwwwmmmmZZZOOO0000QQQQLLLCCCJJJJJJJJJUUUUUYYYYYXXXXXXXXXXXXXXXXXXXXXXXzzzzzzzzcccvvvuuuuuunnnnnxxxxxxxxxxxrrrrrrrrrrrrrrrxrrrjjjfffttt///|||((()))111{{{}}}[[[]]]?]]][[[}}
hkkkbbbdddpppqqqwwwmmmmZZZOOO0000QQQQLLLCCCCCCJJJJJJJJUUUYYYYYXXXYYXXXYXXXXXXXXXXXXXXzzzzzzzzcccvvvvvuuuunnnnnnnnnnxxxxxxxxxrrrrrrxrxxxrxrrrjjjfffttt///|||((()))111{{{}}}[[[]]]?]]][[[}
hhkkkbbbdddpppqqqwwwwmmmZZZOOOO0000QQQLLLCCCCCCCCJJJJJJUUUYYYYYYYYYYYYYYXXYYXXXXYYXXXXXXXzzzzzzccvvvvvvuuuuunnnnnnnnnxxxxxxxxrxxxxxxxxxxxxrrrjjjfffttt///|||((()))111{{{}}}[[[]]]?]]][[[
hhhkkkbbbdddpppqqqwwwwmmmZZZOOOO0000QQQLLLCCCCCCCCCJJJJJUUUUYYYYYYYYYYYYYYYYYYYYYYYYXXXXXXXXzzzzccvvvvvvuuuuunnnnnnnnnnnxxxxxxxxxxxxxxxxxxxrrrjjjfffttt///|||((()))111{{{}}}[[[]]]?]]][[
ahhhkkkbbbdddpppqqqwwwwmmmZZZOOOO0000QQQLLLLLLCCCCCCCCJJJUUUUUYYYYYYYYYYYYYYYYYYYYYYYXXXXXXXXzzzzccvvvvvvuuuuuuuuuunnnnnnxnnxxxxxxxxxxxxxxxxrrrjjjfffttt///|||((()))111{{{}}}[[[]]]?]]][
aahhhkkkbbbdddpppqqqqwwwmmmZZZZOOOO000QQQLLLLLLLLCCCCCCJJJUUUUUYYYYYYYYYYYYYYYYYYYYYYYXXXXXXXXzzzzcccccvvvvuuuuuuuuuunnnnnxnnxxxxxxxxxxxnnxxxrrrjjjfffttt///|||((()))111{{{}}}[[[]]]?]]]
aaahhhkkkbbbdddpppqqqqwwwmmmZZZZOOOO000QQQLLLLLLLLLCCCCCJJJJUUUUYYUUUYYYUUUUUUUUUYYYYYYXXXXXXXXXzzzcccccvvvvvuuuuuuuuuuunnnxnnxnnnnnnnnnnnnxxxrrrjjjfffttt///|||((()))111{{{}}}[[[]]]?]]
oaaahhhkkkbbbdddpppqqqqwwwmmmZZZZOOOO000QQQLLLLLLLLLLLCCCJJJJJUUUUUUUUYYUUUUUUUUUUUUUYYYXXYXXXXXXzzzzzzccvvvvvvuuuuuuuuuunnnnnnnnnnnnnnnnnnnxxxrrrjjjfffttt///|||((()))111{{{}}}[[[]]]?]
ooaaahhhkkkbbbdddppppqqqwwwmmmmZZZZOOO000QQQQQQQQLLLLLLCCCJJJJJUUUUUUUUUUUUUUUUUUUUUUUYYYYYYYYXXXXzzzzzzcccvvvvvuuvvvuuuuunnnnnnnnnnnnnnnnnnnxxxrrrjjjfffttt///|||((()))111{{{}}}[[[]]]?

Edit distance (by DP): 38
0 sec 3 milli 854 micros.
