Input: abcabbaa 
(8), 
cbabac 
(6)

frame:
6, 5, 4, 3, 2, 1, 0, 1, 2, 3, 4, 5, 6, 7, 8, 
Edit distance (by Pure DP): 6
0 sec 0 milli sec.


table contents:
  0   1   2   3   4   5   6   7   8 
  1   2   3   2   3   4   5   6   7 
  2   3   2   3   4   3   4   5   6 
  3   2   3   4   3   4   5   4   5 
  4   3   2   3   4   3   4   5   6 
  5   4   3   4   3   4   5   4   5 
  6   5   4   3   4   5   6   5   6 


computing edit distance by Waving DP.
 6  5  4  3  2  1  0  1  2  3  4  5  6  7  8 
 6  5  4  3  2  0  0  1  2  3  4  5  6  7  8 
 6  5  4  3  0  0  0  1  2  3  4  5  6  7  8 
 6  5  4  1  0  1  0  1  2  3  4  5  6  7  8 
 6  5  0  1  0  1  0  1  0  3  4  5  6  7  8 
 6  1  0  1  0  0  0  0  0  0  4  5  6  7  8 
 0  1  0  1  0  0  1  0  1  0  0  5  6  7  8 
 0  0  0  0  0  0  1  0  1  1  0  0  6  7  8 
 0  0  1  0  1  0  1  0  0  1  0  0  0  7  8 
 0  0  1  0  1  0  1  1  0  1  0  0  0  7  8 
 0  0  1  0  0  0  0  1  0  1  1  0  0  7  8 
 0  0  1  0  0  0  0  1  0  0  1  0  0  7  8 
 0  0  1  0  0  0  0  1  1  0  1  0  0  7  8 
 0  0  1  0  0  0  0  0  1  0  1  0  0  7  8 
Edit distance (by Weaving DP): 6
0 sec 0 milli sec.

table contents:
  0   1   2   3   4   5   6   7   8 
  1   2   3   2   3   4   5   6   7 
  2   3   2   3   4   3   4   5   6 
  3   2   3   4   3   4   5   4   5 
  4   3   2   3   4   3   4   5   6 
  5   4   3   4   3   4   5   4   5 
  6   5   4   3   4   5   6   5   6 



two tables are identical.
