c:\users\sin shimozono\documents\projects\algorithm-design\graph_geograph_dijkstra\x64\debug\vc143.pdb
c:\users\sin shimozono\documents\projects\algorithm-design\graph_geograph_dijkstra\x64\debug\vc143.idb
c:\users\sin shimozono\documents\projects\algorithm-design\graph_geograph_dijkstra\x64\debug\geohash.obj
c:\users\sin shimozono\documents\projects\algorithm-design\graph_geograph_dijkstra\x64\debug\geograph.obj
c:\users\sin shimozono\documents\projects\algorithm-design\graph_geograph_dijkstra\x64\debug\main.obj
c:\users\sin shimozono\documents\projects\algorithm-design\graph_geograph_dijkstra\x64\debug\sdl2_gfxprimitives.obj
c:\users\sin shimozono\documents\projects\algorithm-design\graph_geograph_dijkstra\x64\debug\sdl2_rotozoom.obj
c:\users\sin shimozono\documents\projects\algorithm-design\graph_geograph_dijkstra\x64\debug\graph_dijkstra.pdb
c:\users\sin shimozono\documents\projects\algorithm-design\graph_geograph_dijkstra\x64\debug\graph_dijkstra.tlog\cl.command.1.tlog
c:\users\sin shimozono\documents\projects\algorithm-design\graph_geograph_dijkstra\x64\debug\graph_dijkstra.tlog\cl.read.1.tlog
c:\users\sin shimozono\documents\projects\algorithm-design\graph_geograph_dijkstra\x64\debug\graph_dijkstra.tlog\cl.write.1.tlog
c:\users\sin shimozono\documents\projects\algorithm-design\graph_geograph_dijkstra\x64\debug\graph_dijkstra.tlog\link-cvtres.read.1.tlog
c:\users\sin shimozono\documents\projects\algorithm-design\graph_geograph_dijkstra\x64\debug\graph_dijkstra.tlog\link-cvtres.write.1.tlog
c:\users\sin shimozono\documents\projects\algorithm-design\graph_geograph_dijkstra\x64\debug\graph_dijkstra.tlog\link-rc.read.1.tlog
c:\users\sin shimozono\documents\projects\algorithm-design\graph_geograph_dijkstra\x64\debug\graph_dijkstra.tlog\link-rc.write.1.tlog
c:\users\sin shimozono\documents\projects\algorithm-design\graph_geograph_dijkstra\x64\debug\graph_dijkstra.tlog\link.command.1.tlog
c:\users\sin shimozono\documents\projects\algorithm-design\graph_geograph_dijkstra\x64\debug\graph_dijkstra.tlog\link.read.1.tlog
c:\users\sin shimozono\documents\projects\algorithm-design\graph_geograph_dijkstra\x64\debug\graph_dijkstra.tlog\link.read.2.tlog
c:\users\sin shimozono\documents\projects\algorithm-design\graph_geograph_dijkstra\x64\debug\graph_dijkstra.tlog\link.read.9.tlog
c:\users\sin shimozono\documents\projects\algorithm-design\graph_geograph_dijkstra\x64\debug\graph_dijkstra.tlog\link.write.1.tlog
