  geograph.cpp
C:\Users\Sin Shimozono\Documents\Projects\Algorithm-Design\Graph_geograph_dijkstra\src\geograph.cpp(1,1): warning C4819: ファイルは、現在のコード ページ (932) で表示できない文字を含んでいます。データの損失を防ぐために、ファイルを Unicode 形式で保存してください。
  geohash.cpp
C:\Users\Sin Shimozono\Documents\Projects\Algorithm-Design\Graph_geograph_dijkstra\src\geohash.cpp(89,13): warning C4244: '*=': 'double' から 'int' への変換です。データが失われる可能性があります。
C:\Users\Sin Shimozono\Documents\Projects\Algorithm-Design\Graph_geograph_dijkstra\src\geohash.cpp(170,11): warning C4267: '初期化中': 'size_t' から 'int' に変換しました。データが失われているかもしれません。
  main.cpp
C:\Users\Sin Shimozono\Documents\Projects\Algorithm-Design\Graph_geograph_dijkstra\src\main.cpp(1,1): warning C4819: ファイルは、現在のコード ページ (932) で表示できない文字を含んでいます。データの損失を防ぐために、ファイルを Unicode 形式で保存してください。
C:\Users\Sin Shimozono\Documents\Projects\Algorithm-Design\Graph_geograph_dijkstra\src\main.cpp(345,14): warning C4244: '初期化中': 'double' から 'int' への変換です。データが失われる可能性があります。
C:\Users\Sin Shimozono\Documents\Projects\Algorithm-Design\Graph_geograph_dijkstra\src\main.cpp(346,14): warning C4244: '初期化中': 'double' から 'int' への変換です。データが失われる可能性があります。
C:\Users\Sin Shimozono\Documents\Projects\Algorithm-Design\Graph_geograph_dijkstra\src\main.cpp(352,15): warning C4244: '初期化中': 'double' から 'int' への変換です。データが失われる可能性があります。
C:\Users\Sin Shimozono\Documents\Projects\Algorithm-Design\Graph_geograph_dijkstra\src\main.cpp(353,15): warning C4244: '初期化中': 'double' から 'int' への変換です。データが失われる可能性があります。
C:\Users\Sin Shimozono\Documents\Projects\Algorithm-Design\Graph_geograph_dijkstra\src\main.cpp(364,15): warning C4244: '初期化中': 'double' から 'int' への変換です。データが失われる可能性があります。
C:\Users\Sin Shimozono\Documents\Projects\Algorithm-Design\Graph_geograph_dijkstra\src\main.cpp(365,15): warning C4244: '初期化中': 'double' から 'int' への変換です。データが失われる可能性があります。
C:\Users\Sin Shimozono\Documents\Projects\Algorithm-Design\Graph_geograph_dijkstra\src\main.cpp(368,15): warning C4244: '初期化中': 'double' から 'int' への変換です。データが失われる可能性があります。
C:\Users\Sin Shimozono\Documents\Projects\Algorithm-Design\Graph_geograph_dijkstra\src\main.cpp(369,15): warning C4244: '初期化中': 'double' から 'int' への変換です。データが失われる可能性があります。
  コードを生成中...
  SDL2_gfxPrimitives.c
C:\Users\Sin Shimozono\Documents\Projects\Algorithm-Design\Graph_geograph_dijkstra\src\SDL2_gfxPrimitives_font.h(1559,1): warning C4819: ファイルは、現在のコード ページ (932) で表示できない文字を含んでいます。データの損失を防ぐために、ファイルを Unicode 形式で保存してください。
  (ソース ファイル 'src/SDL2_gfxPrimitives.c' をコンパイルしています)
  
C:\Users\Sin Shimozono\Documents\Projects\Algorithm-Design\Graph_geograph_dijkstra\src\SDL2_gfxPrimitives.c(1765,14): warning C4028: パラメーターの型 1 が関数宣言と一致しません。
C:\Users\Sin Shimozono\Documents\Projects\Algorithm-Design\Graph_geograph_dijkstra\src\SDL2_gfxPrimitives.c(1875,24): warning C4244: '関数': 'double' から 'float' への変換です。データが失われる可能性があります。
C:\Users\Sin Shimozono\Documents\Projects\Algorithm-Design\Graph_geograph_dijkstra\src\SDL2_gfxPrimitives.c(1876,33): warning C4244: '関数': 'double' から 'float' への変換です。データが失われる可能性があります。
C:\Users\Sin Shimozono\Documents\Projects\Algorithm-Design\Graph_geograph_dijkstra\src\SDL2_gfxPrimitives.c(1952,33): warning C4244: '関数': 'double' から 'float' への変換です。データが失われる可能性があります。
C:\Users\Sin Shimozono\Documents\Projects\Algorithm-Design\Graph_geograph_dijkstra\src\SDL2_gfxPrimitives.c(3704,19): warning C4244: '関数': 'double' から 'float' への変換です。データが失われる可能性があります。
C:\Users\Sin Shimozono\Documents\Projects\Algorithm-Design\Graph_geograph_dijkstra\src\SDL2_gfxPrimitives.c(3705,19): warning C4244: '関数': 'double' から 'float' への変換です。データが失われる可能性があります。
  SDL2_rotozoom.c
  コードを生成中...
  Graph_Dijkstra.vcxproj -> C:\Users\Sin Shimozono\Documents\Projects\Algorithm-Design\Graph_geograph_dijkstra\x64\Debug\Graph_Dijkstra.exe
